\BOOKMARK [1][-]{section*.4}{\376\377\000L\000i\000s\000t\000\040\000o\000f\000\040\000F\000i\000g\000u\000r\000e\000s}{}% 1
\BOOKMARK [1][-]{section*.5}{\376\377\000L\000i\000s\000t\000\040\000o\000f\000\040\000T\000a\000b\000l\000e\000s}{}% 2
\BOOKMARK [1][-]{section.1}{\376\377\000I\000n\000t\000r\000o\000d\000u\000c\000t\000i\000o\000n}{}% 3
\BOOKMARK [2][-]{subsection.1.1}{\376\377\000P\000u\000r\000p\000o\000s\000e}{section.1}% 4
\BOOKMARK [3][-]{subsubsection.1.1.1}{\376\377\000R\000e\000s\000e\000a\000r\000c\000h\000\040\000Q\000u\000e\000s\000t\000i\000o\000n\000s}{subsection.1.1}% 5
\BOOKMARK [2][-]{subsection.1.2}{\376\377\000D\000i\000g\000i\000t\000a\000l\000i\000z\000a\000t\000i\000o\000n\000\040\000i\000n\000\040\000R\000a\000i\000l\000w\000a\000y}{section.1}% 6
\BOOKMARK [2][-]{subsection.1.3}{\376\377\000S\000y\000s\000t\000e\000m\000\040\000O\000v\000e\000r\000v\000i\000e\000w}{section.1}% 7
\BOOKMARK [3][-]{subsubsection.1.3.1}{\376\377\000C\000o\000m\000p\000o\000n\000e\000n\000t\000s}{subsection.1.3}% 8
\BOOKMARK [1][-]{section.2}{\376\377\000T\000h\000e\000o\000r\000y}{}% 9
\BOOKMARK [2][-]{subsection.2.1}{\376\377\000A\000T\000O}{section.2}% 10
\BOOKMARK [2][-]{subsection.2.2}{\376\377\000G\000o\000A}{section.2}% 11
\BOOKMARK [2][-]{subsection.2.3}{\376\377\000E\000R\000T\000M\000S}{section.2}% 12
\BOOKMARK [2][-]{subsection.2.4}{\376\377\000E\000T\000C\000S}{section.2}% 13
\BOOKMARK [2][-]{subsection.2.5}{\376\377\000C\000e\000l\000l\000u\000l\000a\000r\000\040\000c\000o\000m\000m\000u\000n\000i\000c\000a\000t\000i\000o\000n\000s}{section.2}% 14
\BOOKMARK [3][-]{subsubsection.2.5.1}{\376\377\0005\000G\000\040\000U\000R\000L\000L\000C}{subsection.2.5}% 15
\BOOKMARK [3][-]{subsubsection.2.5.2}{\376\377\000G\000S\000M\000-\000R}{subsection.2.5}% 16
\BOOKMARK [3][-]{subsubsection.2.5.3}{\376\377\000F\000R\000M\000C\000S}{subsection.2.5}% 17
\BOOKMARK [3][-]{subsubsection.2.5.4}{\376\377\000W\000i\000-\000F\000i}{subsection.2.5}% 18
\BOOKMARK [2][-]{subsection.2.6}{\376\377\000E\000R\000T\000M\000S\000/\000A\000T\000O}{section.2}% 19
\BOOKMARK [2][-]{subsection.2.7}{\376\377\000L\000a\000t\000e\000n\000c\000y}{section.2}% 20
\BOOKMARK [3][-]{subsubsection.2.7.1}{\376\377\000L\000a\000t\000e\000n\000c\000y\000\040\000M\000e\000a\000s\000u\000r\000e\000m\000e\000n\000t\000s}{subsection.2.7}% 21
\BOOKMARK [2][-]{subsection.2.8}{\376\377\000D\000i\000f\000f\000e\000r\000n\000t\000\040\000a\000s\000p\000e\000c\000t\000s\000\040\000o\000f\000\040\000l\000a\000t\000e\000n\000c\000y}{section.2}% 22
\BOOKMARK [2][-]{subsection.2.9}{\376\377\000R\000e\000g\000u\000l\000a\000t\000i\000o\000n\000s}{section.2}% 23
\BOOKMARK [1][-]{section.3}{\376\377\000R\000e\000l\000a\000t\000e\000d\000\040\000W\000o\000r\000k}{}% 24
\BOOKMARK [2][-]{subsection.3.1}{\376\377\000O\000t\000h\000e\000r\000\040\000E\000x\000p\000e\000r\000i\000e\000n\000c\000e\000s}{section.3}% 25
\BOOKMARK [3][-]{subsubsection.3.1.1}{\376\377\000T\000r\000a\000i\000n\000\040\000C\000o\000n\000t\000r\000o\000l}{subsection.3.1}% 26
\BOOKMARK [3][-]{subsubsection.3.1.2}{\376\377\000C\000a\000r\000\040\000C\000o\000n\000t\000r\000o\000l}{subsection.3.1}% 27
\BOOKMARK [3][-]{subsubsection.3.1.3}{\376\377\000D\000r\000o\000n\000e\000\040\000C\000o\000n\000t\000r\000o\000l}{subsection.3.1}% 28
\BOOKMARK [3][-]{subsubsection.3.1.4}{\376\377\000C\000r\000a\000n\000e\000\040\000C\000o\000n\000t\000r\000o\000l\000?}{subsection.3.1}% 29
\BOOKMARK [3][-]{subsubsection.3.1.5}{\376\377\000O\000f\000f\000s\000h\000o\000r\000e\000\040\000C\000o\000n\000t\000r\000o\000l}{subsection.3.1}% 30
\BOOKMARK [2][-]{subsection.3.2}{\376\377\000H\000u\000m\000a\000n\000\040\000f\000a\000c\000t\000o\000r\000s}{section.3}% 31
\BOOKMARK [2][-]{subsection.3.3}{\376\377\000E\000t\000h\000i\000c\000s}{section.3}% 32
\BOOKMARK [2][-]{subsection.3.4}{\376\377\000C\000y\000b\000e\000r\000\040\000S\000e\000c\000u\000r\000i\000t\000y}{section.3}% 33
\BOOKMARK [2][-]{subsection.3.5}{\376\377\000C\000a\000l\000c\000u\000l\000a\000t\000i\000o\000n\000\040\000o\000f\000\040\000l\000a\000t\000e\000n\000c\000y}{section.3}% 34
\BOOKMARK [1][-]{section.4}{\376\377\000M\000e\000t\000h\000o\000d}{}% 35
\BOOKMARK [2][-]{subsection.4.1}{\376\377\000R\000e\000s\000e\000a\000r\000c\000h\000\040\000M\000e\000t\000h\000o\000d\000o\000l\000o\000g\000y}{section.4}% 36
\BOOKMARK [2][-]{subsection.4.2}{\376\377\000L\000i\000t\000e\000r\000a\000t\000u\000r\000e\000\040\000R\000e\000v\000i\000e\000w\000\040\000S\000t\000r\000a\000t\000e\000g\000y}{section.4}% 37
\BOOKMARK [3][-]{subsubsection.4.2.1}{\376\377\000S\000e\000a\000r\000c\000h\000\040\000S\000t\000r\000a\000t\000e\000g\000y\000\040\000a\000n\000d\000\040\000D\000a\000t\000a\000b\000a\000s\000e\000s}{subsection.4.2}% 38
\BOOKMARK [3][-]{subsubsection.4.2.2}{\376\377\000I\000n\000c\000l\000u\000s\000i\000o\000n\000\040\000C\000r\000i\000t\000e\000r\000i\000a}{subsection.4.2}% 39
\BOOKMARK [3][-]{subsubsection.4.2.3}{\376\377\000S\000e\000a\000r\000c\000h\000\040\000Q\000u\000e\000r\000i\000e\000s\000\040\000a\000n\000d\000\040\000R\000e\000f\000i\000n\000e\000m\000e\000n\000t}{subsection.4.2}% 40
\BOOKMARK [2][-]{subsection.4.3}{\376\377\000S\000u\000p\000p\000o\000r\000t\000i\000n\000g\000\040\000T\000o\000o\000l\000s}{section.4}% 41
\BOOKMARK [2][-]{subsection.4.4}{\376\377\000P\000a\000r\000a\000m\000e\000t\000e\000r\000s\000\040\000f\000o\000r\000\040\000l\000a\000t\000e\000n\000c\000y\000\040\000t\000e\000s\000t\000i\000n\000g}{section.4}% 42
\BOOKMARK [2][-]{subsection.4.5}{\376\377\000P\000a\000r\000a\000m\000e\000t\000e\000r\000s\000\040\000f\000o\000r\000\040\000l\000a\000t\000e\000n\000c\000y\000\040\000e\000v\000a\000l\000u\000a\000t\000i\000o\000n}{section.4}% 43
\BOOKMARK [2][-]{subsection.4.6}{\376\377\000C\000a\000l\000c\000u\000l\000a\000t\000i\000o\000n\000s\000\040\000o\000f\000\040\000p\000a\000r\000a\000m\000e\000t\000e\000r\000s}{section.4}% 44
\BOOKMARK [1][-]{section.5}{\376\377\000R\000e\000s\000u\000l\000t\000s\000\040\000o\000g\000\040\000d\000i\000s\000c\000u\000s\000s\000i\000o\000n}{}% 45
\BOOKMARK [2][-]{subsection.5.1}{\376\377\000H\000u\000m\000a\000n\000\040\000f\000a\000c\000t\000o\000r\000s\000\040\000r\000e\000s\000u\000l\000t\000s}{section.5}% 46
\BOOKMARK [2][-]{subsection.5.2}{\376\377\000C\000o\000m\000p\000a\000r\000m\000e\000n\000t\000\040\000o\000f\000\040\000l\000a\000t\000e\000n\000c\000y\000\040\000f\000o\000r\000\040\000d\000i\000f\000f\000e\000r\000e\000n\000t\000\040\000v\000e\000h\000i\000c\000l\000e\000s}{section.5}% 47
\BOOKMARK [2][-]{subsection.5.3}{\376\377\000T\000h\000r\000e\000s\000h\000o\000l\000d\000\040\000f\000o\000r\000\040\000a\000c\000c\000e\000p\000t\000a\000b\000l\000e\000\040\000l\000a\000t\000e\000n\000c\000y}{section.5}% 48
\BOOKMARK [1][-]{section.6}{\376\377\000D\000i\000s\000c\000u\000s\000s\000i\000o\000n}{}% 49
\BOOKMARK [2][-]{subsection.6.1}{\376\377\000T\000h\000e\000o\000r\000y\000\040\000v\000.\000\040\000P\000r\000a\000c\000t\000i\000c\000a\000l\000\040\000t\000e\000s\000t}{section.6}% 50
\BOOKMARK [2][-]{subsection.6.2}{\376\377\000F\000u\000t\000u\000r\000e\000\040\000w\000o\000r\000k}{section.6}% 51
\BOOKMARK [1][-]{section*.16}{\376\377\000B\000i\000b\000l\000i\000o\000g\000r\000a\000p\000h\000y}{}% 52
