This is pdfTeX, Version 3.141592653-2.6-1.40.27 (MiKTeX 25.4) (preloaded format=pdflatex 2025.10.18)  10 DEC 2025 13:31
entering extended mode
 restricted \write18 enabled.
 %&-line parsing enabled.
**./title.tex
(title.tex
LaTeX2e <2025-06-01> patch level 1
L3 programming layer <2025-09-02>

! LaTeX Error: Environment titlepage undefined.

See the LaTeX manual or LaTeX Companion for explanation.
Type  H <return>  for immediate help.
 ...                                              
                                                  
l.4 \begin{titlepage}
                     
? 

! LaTeX Error: Missing \begin{document}.

See the LaTeX manual or LaTeX Companion for explanation.
Type  H <return>  for immediate help.
 ...                                              
                                                  
l.7 \begin{center}
                  
? 

Overfull \hbox (20.0pt too wide) in paragraph at lines 7--7
[] 
 []

! Undefined control sequence.
l.9 \includegraphics
                    [width=0.40\textwidth]{Images/NTNU_logo.png}\\[1cm]
? 
Missing character: There is no [ in font nullfont!
Missing character: There is no w in font nullfont!
Missing character: There is no i in font nullfont!
Missing character: There is no d in font nullfont!
Missing character: There is no t in font nullfont!
Missing character: There is no h in font nullfont!
Missing character: There is no = in font nullfont!
Missing character: There is no 0 in font nullfont!
Missing character: There is no . in font nullfont!
Missing character: There is no 4 in font nullfont!
Missing character: There is no 0 in font nullfont!
! Missing number, treated as zero.
<to be read again> 
                   ]
l.9 \includegraphics[width=0.40\textwidth]
                                          {Images/NTNU_logo.png}\\[1cm]
? 
! Illegal unit of measure (pt inserted).
<to be read again> 
                   ]
l.9 \includegraphics[width=0.40\textwidth]
                                          {Images/NTNU_logo.png}\\[1cm]
? 
Missing character: There is no ] in font nullfont!
Missing character: There is no I in font nullfont!
Missing character: There is no m in font nullfont!
Missing character: There is no a in font nullfont!
Missing character: There is no g in font nullfont!
Missing character: There is no e in font nullfont!
Missing character: There is no s in font nullfont!
Missing character: There is no / in font nullfont!
Missing character: There is no N in font nullfont!
Missing character: There is no T in font nullfont!
Missing character: There is no N in font nullfont!
Missing character: There is no U in font nullfont!
! Missing $ inserted.
<inserted text> 
                $
l.9 ...graphics[width=0.40\textwidth]{Images/NTNU_
                                                  logo.png}\\[1cm]
? 
LaTeX Font Info:    External font `cmex10' loaded for size
(Font)              <7> on input line 9.
LaTeX Font Info:    External font `cmex10' loaded for size
(Font)              <5> on input line 9.
! Extra }, or forgotten $.
l.9 ...width=0.40\textwidth]{Images/NTNU_logo.png}
                                                  \\[1cm]
? 

! LaTeX Error: There's no line here to end.

See the LaTeX manual or LaTeX Companion for explanation.
Type  H <return>  for immediate help.
 ...                                              
                                                  
l.9 ...dth=0.40\textwidth]{Images/NTNU_logo.png}\\
                                                  [1cm]
? 
! Missing $ inserted.
<inserted text> 
                $
l.9 ...dth=0.40\textwidth]{Images/NTNU_logo.png}\\
                                                  [1cm]
? 
! Missing } inserted.
<inserted text> 
                }
l.9 ...dth=0.40\textwidth]{Images/NTNU_logo.png}\\
                                                  [1cm]
? 

Overfull \hbox (36.83223pt too wide) in paragraph at lines 9--9
 []\OML/cmm/m/it/10 ogo:png[]$ 
 []

! Undefined control sequence.
<recently read> \LARGE 
                       
l.10 ... of Mechanical and Industrial Engineering}
                                                  \\[1.5cm]
? 

Overfull \hbox (61.26906pt too wide) in paragraph at lines 10--10
 []\OT1/cmr/m/sc/10 Department 
 []


Overfull \hbox (11.71107pt too wide) in paragraph at lines 10--10
 \OT1/cmr/m/sc/10 of 
 []


Overfull \hbox (19.24426pt too wide) in paragraph at lines 10--10
 \OT1/cmr/m/sc/10 Me- 
 []


Overfull \hbox (28.08876pt too wide) in paragraph at lines 10--10
 \OT1/cmr/m/sc/10 chan- 
 []


Overfull \hbox (6.79994pt too wide) in paragraph at lines 10--10
 \OT1/cmr/m/sc/10 i- 
 []


Overfull \hbox (17.17769pt too wide) in paragraph at lines 10--10
 \OT1/cmr/m/sc/10 cal 
 []


Overfull \hbox (18.51106pt too wide) in paragraph at lines 10--10
 \OT1/cmr/m/sc/10 and 
 []


Overfull \hbox (13.96655pt too wide) in paragraph at lines 10--10
 \OT1/cmr/m/sc/10 In- 
 []


Overfull \hbox (20.73325pt too wide) in paragraph at lines 10--10
 \OT1/cmr/m/sc/10 dus- 
 []


Overfull \hbox (26.22209pt too wide) in paragraph at lines 10--10
 \OT1/cmr/m/sc/10 trial 
 []


Overfull \hbox (17.32764pt too wide) in paragraph at lines 10--10
 \OT1/cmr/m/sc/10 En- 
 []


Overfull \hbox (13.21101pt too wide) in paragraph at lines 10--10
 \OT1/cmr/m/sc/10 gi- 
 []


Overfull \hbox (27.08875pt too wide) in paragraph at lines 10--10
 \OT1/cmr/m/sc/10 neer- 
 []


Overfull \hbox (15.56659pt too wide) in paragraph at lines 10--10
 \OT1/cmr/m/sc/10 ing 
 []

! Undefined control sequence.
<recently read> \Large 
                       
l.11 ...ign and Materials, Specialization Project}
                                                  \\[0.8cm]
? 

Overfull \hbox (49.7495pt too wide) in paragraph at lines 11--11
 []\OT1/cmr/m/sc/10 TMM4540 
 []


Overfull \hbox (3.77774pt too wide) in paragraph at lines 11--11
 \OT1/cmr/m/sc/10 - 
 []


Overfull \hbox (13.96655pt too wide) in paragraph at lines 11--11
 \OT1/cmr/m/sc/10 In- 
 []


Overfull \hbox (20.73325pt too wide) in paragraph at lines 11--11
 \OT1/cmr/m/sc/10 dus- 
 []


Overfull \hbox (26.22209pt too wide) in paragraph at lines 11--11
 \OT1/cmr/m/sc/10 trial 
 []


Overfull \hbox (19.77757pt too wide) in paragraph at lines 11--11
 \OT1/cmr/m/sc/10 ICT 
 []


Overfull \hbox (17.32764pt too wide) in paragraph at lines 11--11
 \OT1/cmr/m/sc/10 En- 
 []


Overfull \hbox (13.21101pt too wide) in paragraph at lines 11--11
 \OT1/cmr/m/sc/10 gi- 
 []


Overfull \hbox (27.08875pt too wide) in paragraph at lines 11--11
 \OT1/cmr/m/sc/10 neer- 
 []


Overfull \hbox (15.56659pt too wide) in paragraph at lines 11--11
 \OT1/cmr/m/sc/10 ing 
 []


Overfull \hbox (17.64708pt too wide) in paragraph at lines 11--11
 \OT1/cmr/m/sc/10 De- 
 []


Overfull \hbox (20.14435pt too wide) in paragraph at lines 11--11
 \OT1/cmr/m/sc/10 sign 
 []


Overfull \hbox (18.51106pt too wide) in paragraph at lines 11--11
 \OT1/cmr/m/sc/10 and 
 []


Overfull \hbox (19.79984pt too wide) in paragraph at lines 11--11
 \OT1/cmr/m/sc/10 Ma- 
 []


Overfull \hbox (15.26656pt too wide) in paragraph at lines 11--11
 \OT1/cmr/m/sc/10 te- 
 []


Overfull \hbox (12.82214pt too wide) in paragraph at lines 11--11
 \OT1/cmr/m/sc/10 ri- 
 []


Overfull \hbox (19.03877pt too wide) in paragraph at lines 11--11
 \OT1/cmr/m/sc/10 als, 
 []


Overfull \hbox (21.04427pt too wide) in paragraph at lines 11--11
 \OT1/cmr/m/sc/10 Spe- 
 []


Overfull \hbox (23.97763pt too wide) in paragraph at lines 11--11
 \OT1/cmr/m/sc/10 cial- 
 []


Overfull \hbox (17.95546pt too wide) in paragraph at lines 11--11
 \OT1/cmr/m/sc/10 iza- 
 []


Overfull \hbox (21.42212pt too wide) in paragraph at lines 11--11
 \OT1/cmr/m/sc/10 tion 
 []


Overfull \hbox (41.2164pt too wide) in paragraph at lines 11--11
 \OT1/cmr/m/sc/10 Project 
 []

! Undefined control sequence.
l.14 \HRule
            \\[0.4cm]
? 

! LaTeX Error: There's no line here to end.

See the LaTeX manual or LaTeX Companion for explanation.
Type  H <return>  for immediate help.
 ...                                              
                                                  
l.14 \HRule \\
              [0.4cm]
? 
! Undefined control sequence.
l.15 { \huge
             \bfseries Scope Study of Latency for Remote Control in ATO}\\[0...

? 

Overfull \hbox (29.22902pt too wide) in paragraph at lines 15--15
 []\OT1/cmr/bx/n/10 Scope 
 []


Overfull \hbox (29.70818pt too wide) in paragraph at lines 15--15
 \OT1/cmr/bx/n/10 Study 
 []


Overfull \hbox (9.26384pt too wide) in paragraph at lines 15--15
 \OT1/cmr/bx/n/10 of 
 []


Overfull \hbox (16.34016pt too wide) in paragraph at lines 15--15
 \OT1/cmr/bx/n/10 La- 
 []


Overfull \hbox (27.31236pt too wide) in paragraph at lines 15--15
 \OT1/cmr/bx/n/10 tency 
 []


Overfull \hbox (13.99994pt too wide) in paragraph at lines 15--15
 \OT1/cmr/bx/n/10 for 
 []


Overfull \hbox (17.72908pt too wide) in paragraph at lines 15--15
 \OT1/cmr/bx/n/10 Re- 
 []


Overfull \hbox (25.07626pt too wide) in paragraph at lines 15--15
 \OT1/cmr/bx/n/10 mote 
 []


Overfull \hbox (24.27765pt too wide) in paragraph at lines 15--15
 \OT1/cmr/bx/n/10 Con- 
 []


Overfull \hbox (18.1527pt too wide) in paragraph at lines 15--15
 \OT1/cmr/bx/n/10 trol 
 []


Overfull \hbox (9.58328pt too wide) in paragraph at lines 15--15
 \OT1/cmr/bx/n/10 in 
 []


Overfull \hbox (24.37486pt too wide) in paragraph at lines 15--15
 \OT1/cmr/bx/n/10 ATO 
 []

! Undefined control sequence.
l.16 \HRule
            \\[1.5cm]
? 

! LaTeX Error: There's no line here to end.

See the LaTeX manual or LaTeX Companion for explanation.
Type  H <return>  for immediate help.
 ...                                              
                                                  
l.16 \HRule \\
              [1.5cm]
? 
! Undefined control sequence.
l.19 \large
           
? 

Overfull \hbox (33.95393pt too wide) in paragraph at lines 20--20
 []\OT1/cmr/m/it/10 Author: 
 []

Missing character: There is no E in font nullfont!
Missing character: There is no i in font nullfont!
Missing character: There is no n in font nullfont!
Missing character: There is no a in font nullfont!
Missing character: There is no r in font nullfont!
Missing character: There is no T in font nullfont!
Missing character: There is no h in font nullfont!
Missing character: There is no i in font nullfont!
Missing character: There is no n in font nullfont!
Missing character: There is no g in font nullfont!
Missing character: There is no s in font nullfont!
Missing character: There is no t in font nullfont!
Missing character: There is no a in font nullfont!
Missing character: There is no d in font nullfont!
Missing character: There is no M in font nullfont!
Missing character: There is no y in font nullfont!
Missing character: There is no h in font nullfont!
Missing character: There is no r in font nullfont!
Missing character: There is no v in font nullfont!
Missing character: There is no o in font nullfont!
Missing character: There is no l in font nullfont!
Missing character: There is no d in font nullfont!
! Undefined control sequence.
l.23 \large
           
? 

Overfull \hbox (32.96645pt too wide) in paragraph at lines 24--24
 []\OT1/cmr/m/it/10 Student 
 []


Overfull \hbox (22.74431pt too wide) in paragraph at lines 24--24
 \OT1/cmr/m/it/10 num- 
 []


Overfull \hbox (16.55402pt too wide) in paragraph at lines 24--24
 \OT1/cmr/m/it/10 ber: 
 []

Missing character: There is no 5 in font nullfont!
Missing character: There is no 4 in font nullfont!
Missing character: There is no 3 in font nullfont!
Missing character: There is no 9 in font nullfont!
Missing character: There is no 5 in font nullfont!
Missing character: There is no 1 in font nullfont!
! Undefined control sequence.
l.27 \large
           
? 

Overfull \hbox (49.13716pt too wide) in paragraph at lines 28--28
 []\OT1/cmr/m/it/10 Supervisor: 
 []

Missing character: There is no N in font nullfont!
Missing character: There is no i in font nullfont!
Missing character: There is no l in font nullfont!
Missing character: There is no s in font nullfont!
Missing character: There is no O in font nullfont!
Missing character: There is no . in font nullfont!
Missing character: There is no E in font nullfont!
Missing character: There is no . in font nullfont!
Missing character: There is no O in font nullfont!
Missing character: There is no l in font nullfont!
Missing character: There is no s in font nullfont!
Missing character: There is no s in font nullfont!
Missing character: There is no o in font nullfont!
Missing character: There is no n in font nullfont!
! Undefined control sequence.
l.33 {\large
             Date: 16.12.2025}
? 
Missing character: There is no D in font nullfont!
Missing character: There is no a in font nullfont!
Missing character: There is no t in font nullfont!
Missing character: There is no e in font nullfont!
Missing character: There is no : in font nullfont!
Missing character: There is no 1 in font nullfont!
Missing character: There is no 6 in font nullfont!
Missing character: There is no . in font nullfont!
Missing character: There is no 1 in font nullfont!
Missing character: There is no 2 in font nullfont!
Missing character: There is no . in font nullfont!
Missing character: There is no 2 in font nullfont!
Missing character: There is no 0 in font nullfont!
Missing character: There is no 2 in font nullfont!
Missing character: There is no 5 in font nullfont!

! LaTeX Error: \begin{document} ended by \end{titlepage}.

See the LaTeX manual or LaTeX Companion for explanation.
Type  H <return>  for immediate help.
 ...                                              
                                                  
l.35 \end{titlepage}
                    
? 
)
*
(Please type a command or say `\end')
*
(Please type a command or say `\end')
*
(Please type a command or say `\end')
*
(Please type a command or say `\end')
*
(Please type a command or say `\end')
*
(Please type a command or say `\end')
*
(Please type a command or say `\end')
*
(Please type a command or say `\end')
*
(Please type a command or say `\end')
*
(Please type a command or say `\end')
*
(Please type a command or say `\end')
*
(Please type a command or say `\end')
*
(Please type a command or say `\end')
*
(Please type a command or say `\end')
*
(Please type a command or say `\end')
*
(Please type a command or say `\end')
*
(Please type a command or say `\end')
*
(Please type a command or say `\end')
*
(Please type a command or say `\end')
*
(Please type a command or say `\end')
*
(Please type a command or say `\end')
*
(Please type a command or say `\end')
*
(Please type a command or say `\end')
*
(Please type a command or say `\end')
*
(Please type a command or say `\end')
*
(Please type a command or say `\end')
*
(Please type a command or say `\end')
*
(Please type a command or say `\end')
*
(Please type a command or say `\end')
*
(Please type a command or say `\end')
*
(Please type a command or say `\end')
*\end

*
Runaway argument?
! Paragraph ended before \end  was complete.
<to be read again> 
                   \par 
<*> 
    
? 
! Emergency stop.
<to be read again> 
                   \par 
<*> 
    
End of file on the terminal!

 
Here is how much of TeX's memory you used:
 33 strings out of 468081
 753 string characters out of 5425788
 435696 words of memory out of 5000000
 28800 multiletter control sequences out of 15000+600000
 628676 words of font info for 43 fonts, out of 8000000 for 9000
 1141 hyphenation exceptions out of 8191
 19i,2n,21p,153b,119s stack positions out of 10000i,1000n,20000p,200000b,200000s
!  ==> Fatal error occurred, no output PDF file produced!
